<?xml version="1.0" encoding="UTF-8"?>
<testng-results skipped="0" failed="0" total="1" passed="1">
  <reporter-output>
  </reporter-output>
  <suite name="Default suite" duration-ms="11068" started-at="2016-07-01T13:14:30Z" finished-at="2016-07-01T13:14:41Z">
    <groups>
    </groups>
    <test name="Default test" duration-ms="11068" started-at="2016-07-01T13:14:30Z" finished-at="2016-07-01T13:14:41Z">
      <class name="com.Data.Revision.DragAndDrop_Actions">
        <test-method status="PASS" signature="DropableTest()[pri:0, instance:com.Data.Revision.DragAndDrop_Actions@50f8360d]" name="DropableTest" duration-ms="11066" started-at="2016-07-01T18:44:30Z" finished-at="2016-07-01T18:44:41Z">
          <reporter-output>
          </reporter-output>
        </test-method> <!-- DropableTest -->
      </class> <!-- com.Data.Revision.DragAndDrop_Actions -->
    </test> <!-- Default test -->
  </suite> <!-- Default suite -->
</testng-results>
